<?xml version="1.0" encoding="UTF-8"?>
<!-- Generated by org.testng.reporters.JUnitReportReporter -->
<testsuite hostname="Himanshu-Workspace" failures="0" tests="4" name="com.nextgenai.tests.HomePageTests" time="20.531" errors="0" timestamp="2023-10-01T20:04:58 IST" skipped="0">
  <testcase classname="com.nextgenai.tests.HomePageTests" name="validatingHomePageNavigation" time="4.490"/>
  <system-out>
    <![CDATA[Successfully Navigated to Home Page]]>
  </system-out>
  <testcase classname="com.nextgenai.tests.HomePageTests" name="validatingSeleniumCurriculumNavigation" time="10.327"/>
  <system-out/>
  <testcase classname="com.nextgenai.tests.HomePageTests" name="validatingToolsCurriculumNavigation" time="2.120"/>
  <system-out/>
  <testcase classname="com.nextgenai.tests.HomePageTests" name="validatingRegistrationFormNavigation" time="3.594"/>
  <system-out/>
</testsuite> <!-- com.nextgenai.tests.HomePageTests -->
