<?xml version="1.0" encoding="UTF-8"?>
<!-- Generated by org.testng.reporters.JUnitReportReporter -->
<testsuite hostname="Himanshu-Workspace" failures="0" tests="24" name="com.nextgenai.utilities.ExcelDataProvider" time="0.077" errors="0" timestamp="2023-10-07T10:14:23 IST" skipped="0">
  <testcase classname="com.nextgenai.utilities.ExcelDataProvider" name="testMethod" time="0.016"/>
  <system-out/>
  <testcase classname="com.nextgenai.utilities.ExcelDataProvider" name="testMethod" time="0.000"/>
  <system-out/>
  <testcase classname="com.nextgenai.utilities.ExcelDataProvider" name="testMethod" time="0.000"/>
  <system-out/>
  <testcase classname="com.nextgenai.utilities.ExcelDataProvider" name="testMethod" time="0.000"/>
  <system-out/>
  <testcase classname="com.nextgenai.utilities.ExcelDataProvider" name="testMethod" time="0.000"/>
  <system-out/>
  <testcase classname="com.nextgenai.utilities.ExcelDataProvider" name="testMethod" time="0.000"/>
  <system-out/>
  <testcase classname="com.nextgenai.utilities.ExcelDataProvider" name="testMethod" time="0.015"/>
  <system-out/>
  <testcase classname="com.nextgenai.utilities.ExcelDataProvider" name="testMethod" time="0.016"/>
  <system-out/>
  <testcase classname="com.nextgenai.utilities.ExcelDataProvider" name="testMethod" time="0.000"/>
  <system-out/>
  <testcase classname="com.nextgenai.utilities.ExcelDataProvider" name="testMethod" time="0.000"/>
  <system-out/>
  <testcase classname="com.nextgenai.utilities.ExcelDataProvider" name="testMethod" time="0.000"/>
  <system-out/>
  <testcase classname="com.nextgenai.utilities.ExcelDataProvider" name="testMethod" time="0.000"/>
  <system-out/>
  <testcase classname="com.nextgenai.utilities.ExcelDataProvider" name="testMethod" time="0.000"/>
  <system-out/>
  <testcase classname="com.nextgenai.utilities.ExcelDataProvider" name="testMethod" time="0.000"/>
  <system-out/>
  <testcase classname="com.nextgenai.utilities.ExcelDataProvider" name="testMethod" time="0.000"/>
  <system-out/>
  <testcase classname="com.nextgenai.utilities.ExcelDataProvider" name="testMethod" time="0.000"/>
  <system-out/>
  <testcase classname="com.nextgenai.utilities.ExcelDataProvider" name="testMethod" time="0.000"/>
  <system-out/>
  <testcase classname="com.nextgenai.utilities.ExcelDataProvider" name="testMethod" time="0.016"/>
  <system-out/>
  <testcase classname="com.nextgenai.utilities.ExcelDataProvider" name="testMethod" time="0.000"/>
  <system-out/>
  <testcase classname="com.nextgenai.utilities.ExcelDataProvider" name="testMethod" time="0.000"/>
  <system-out/>
  <testcase classname="com.nextgenai.utilities.ExcelDataProvider" name="testMethod" time="0.000"/>
  <system-out/>
  <testcase classname="com.nextgenai.utilities.ExcelDataProvider" name="testMethod" time="0.014"/>
  <system-out/>
  <testcase classname="com.nextgenai.utilities.ExcelDataProvider" name="testMethod" time="0.000"/>
  <system-out/>
  <testcase classname="com.nextgenai.utilities.ExcelDataProvider" name="testMethod" time="0.000"/>
  <system-out/>
</testsuite> <!-- com.nextgenai.utilities.ExcelDataProvider -->
